2024-06-22T13:43:15.945+02:00  INFO 29199 --- [server] [restartedMain] c.e.s.Application                        : Starting Application using Java 17.0.11 with PID 29199 (/home/kain/Dev/Projects/eschool/server/target/classes started by kain in /home/kain/Dev/Projects/eschool/server)
2024-06-22T13:43:16.001+02:00  INFO 29199 --- [server] [restartedMain] c.e.s.Application                        : No active profile set, falling back to 1 default profile: "default"
2024-06-22T13:43:16.283+02:00  INFO 29199 --- [server] [restartedMain] .e.DevToolsPropertyDefaultsPostProcessor : Devtools property defaults active! Set 'spring.devtools.add-properties' to 'false' to disable
2024-06-22T13:43:16.285+02:00  INFO 29199 --- [server] [restartedMain] .e.DevToolsPropertyDefaultsPostProcessor : For additional web related logging consider setting the 'logging.level.web' property to 'DEBUG'
2024-06-22T13:43:18.466+02:00  INFO 29199 --- [server] [restartedMain] .s.d.r.c.RepositoryConfigurationDelegate : Bootstrapping Spring Data JPA repositories in DEFAULT mode.
2024-06-22T13:43:18.510+02:00  INFO 29199 --- [server] [restartedMain] .s.d.r.c.RepositoryConfigurationDelegate : Finished Spring Data repository scanning in 23 ms. Found 0 JPA repository interfaces.
2024-06-22T13:43:20.585+02:00  INFO 29199 --- [server] [restartedMain] o.s.b.w.e.t.TomcatWebServer              : Tomcat initialized with port 8080 (http)
2024-06-22T13:43:20.641+02:00  INFO 29199 --- [server] [restartedMain] o.a.c.c.StandardService                  : Starting service [Tomcat]
2024-06-22T13:43:20.644+02:00  INFO 29199 --- [server] [restartedMain] o.a.c.c.StandardEngine                   : Starting Servlet engine: [Apache Tomcat/10.1.25]
2024-06-22T13:43:20.850+02:00  INFO 29199 --- [server] [restartedMain] o.a.c.c.C.[.[.[/]                        : Initializing Spring embedded WebApplicationContext
2024-06-22T13:43:20.862+02:00  INFO 29199 --- [server] [restartedMain] w.s.c.ServletWebServerApplicationContext : Root WebApplicationContext: initialization completed in 4559 ms
2024-06-22T13:43:22.325+02:00  INFO 29199 --- [server] [restartedMain] o.s.o.j.p.SpringPersistenceUnitInfo      : No LoadTimeWeaver setup: ignoring JPA class transformer
2024-06-22T13:43:22.384+02:00  INFO 29199 --- [server] [restartedMain] c.z.h.HikariDataSource                   : HikariPool-1 - Starting...
2024-06-22T13:43:23.253+02:00  INFO 29199 --- [server] [restartedMain] c.z.h.p.HikariPool                       : HikariPool-1 - Added connection com.mysql.cj.jdbc.ConnectionImpl@7844cb67
2024-06-22T13:43:23.258+02:00  INFO 29199 --- [server] [restartedMain] c.z.h.HikariDataSource                   : HikariPool-1 - Start completed.
2024-06-22T13:43:24.335+02:00  INFO 29199 --- [server] [restartedMain] j.LocalContainerEntityManagerFactoryBean : Initialized JPA EntityManagerFactory for persistence unit 'default'
2024-06-22T13:43:24.553+02:00  WARN 29199 --- [server] [restartedMain] JpaBaseConfiguration$JpaWebConfiguration : spring.jpa.open-in-view is enabled by default. Therefore, database queries may be performed during view rendering. Explicitly configure spring.jpa.open-in-view to disable this warning
2024-06-22T13:43:26.220+02:00  WARN 29199 --- [server] [restartedMain] .s.s.UserDetailsServiceAutoConfiguration : 

Using generated security password: 58811d90-f831-4e03-bcd5-470c0047781a

This generated password is for development use only. Your security configuration must be updated before running your application in production.

2024-06-22T13:43:26.273+02:00  INFO 29199 --- [server] [restartedMain] r$InitializeUserDetailsManagerConfigurer : Global AuthenticationManager configured with UserDetailsService bean with name inMemoryUserDetailsManager
2024-06-22T13:43:26.835+02:00  INFO 29199 --- [server] [restartedMain] o.s.b.d.a.OptionalLiveReloadServer       : LiveReload server is running on port 35729
2024-06-22T13:43:26.931+02:00  INFO 29199 --- [server] [restartedMain] o.s.b.w.e.t.TomcatWebServer              : Tomcat started on port 8080 (http) with context path '/'
2024-06-22T13:43:26.963+02:00  INFO 29199 --- [server] [restartedMain] c.e.s.Application                        : Started Application in 12.834 seconds (process running for 15.702)
2024-06-22T13:44:06.117+02:00  INFO 29199 --- [server] [SpringApplicationShutdownHook] j.LocalContainerEntityManagerFactoryBean : Closing JPA EntityManagerFactory for persistence unit 'default'
2024-06-22T13:44:06.128+02:00  INFO 29199 --- [server] [SpringApplicationShutdownHook] c.z.h.HikariDataSource                   : HikariPool-1 - Shutdown initiated...
2024-06-22T13:44:06.155+02:00  INFO 29199 --- [server] [SpringApplicationShutdownHook] c.z.h.HikariDataSource                   : HikariPool-1 - Shutdown completed.
