2024-06-29T00:22:05.313+02:00  INFO 16986 --- [server] [restartedMain] c.e.s.Application                        : Starting Application using Java 17.0.11 with PID 16986 (/home/kain/Dev/Projects/eschool/server/target/classes started by kain in /home/kain/Dev/Projects/eschool)
2024-06-29T00:22:05.336+02:00  INFO 16986 --- [server] [restartedMain] c.e.s.Application                        : No active profile set, falling back to 1 default profile: "default"
2024-06-29T00:22:05.525+02:00  INFO 16986 --- [server] [restartedMain] .e.DevToolsPropertyDefaultsPostProcessor : Devtools property defaults active! Set 'spring.devtools.add-properties' to 'false' to disable
2024-06-29T00:22:05.527+02:00  INFO 16986 --- [server] [restartedMain] .e.DevToolsPropertyDefaultsPostProcessor : For additional web related logging consider setting the 'logging.level.web' property to 'DEBUG'
2024-06-29T00:22:07.320+02:00  WARN 16986 --- [server] [restartedMain] ConfigServletWebServerApplicationContext : Exception encountered during context initialization - cancelling refresh attempt: org.springframework.beans.factory.BeanDefinitionStoreException: Failed to process import candidates for configuration class [com.example.server.Application]: Error processing condition on org.springframework.boot.autoconfigure.mail.MailSenderAutoConfiguration
2024-06-29T00:22:07.343+02:00  INFO 16986 --- [server] [restartedMain] .s.b.a.l.ConditionEvaluationReportLogger : 

Error starting ApplicationContext. To display the condition evaluation report re-run your application with 'debug' enabled.
2024-06-29T00:22:07.393+02:00 ERROR 16986 --- [server] [restartedMain] o.s.b.SpringApplication                  : Application run failed

org.springframework.beans.factory.BeanDefinitionStoreException: Failed to process import candidates for configuration class [com.example.server.Application]: Error processing condition on org.springframework.boot.autoconfigure.mail.MailSenderAutoConfiguration
	at org.springframework.context.annotation.ConfigurationClassParser.processImports(ConfigurationClassParser.java:544) ~[spring-context-6.1.10.jar:6.1.10]
	at org.springframework.context.annotation.ConfigurationClassParser$DeferredImportSelectorGroupingHandler.lambda$processGroupImports$1(ConfigurationClassParser.java:746) ~[spring-context-6.1.10.jar:6.1.10]
	at java.base/java.lang.Iterable.forEach(Iterable.java:75) ~[?:?]
	at org.springframework.context.annotation.ConfigurationClassParser$DeferredImportSelectorGroupingHandler.processGroupImports(ConfigurationClassParser.java:743) ~[spring-context-6.1.10.jar:6.1.10]
	at org.springframework.context.annotation.ConfigurationClassParser$DeferredImportSelectorHandler.process(ConfigurationClassParser.java:714) ~[spring-context-6.1.10.jar:6.1.10]
	at org.springframework.context.annotation.ConfigurationClassParser.parse(ConfigurationClassParser.java:183) ~[spring-context-6.1.10.jar:6.1.10]
	at org.springframework.context.annotation.ConfigurationClassPostProcessor.processConfigBeanDefinitions(ConfigurationClassPostProcessor.java:417) ~[spring-context-6.1.10.jar:6.1.10]
	at org.springframework.context.annotation.ConfigurationClassPostProcessor.postProcessBeanDefinitionRegistry(ConfigurationClassPostProcessor.java:290) ~[spring-context-6.1.10.jar:6.1.10]
	at org.springframework.context.support.PostProcessorRegistrationDelegate.invokeBeanDefinitionRegistryPostProcessors(PostProcessorRegistrationDelegate.java:349) ~[spring-context-6.1.10.jar:6.1.10]
	at org.springframework.context.support.PostProcessorRegistrationDelegate.invokeBeanFactoryPostProcessors(PostProcessorRegistrationDelegate.java:118) ~[spring-context-6.1.10.jar:6.1.10]
	at org.springframework.context.support.AbstractApplicationContext.invokeBeanFactoryPostProcessors(AbstractApplicationContext.java:788) ~[spring-context-6.1.10.jar:6.1.10]
	at org.springframework.context.support.AbstractApplicationContext.refresh(AbstractApplicationContext.java:606) ~[spring-context-6.1.10.jar:6.1.10]
	at org.springframework.boot.web.servlet.context.ServletWebServerApplicationContext.refresh(ServletWebServerApplicationContext.java:146) ~[spring-boot-3.3.1.jar:3.3.1]
	at org.springframework.boot.SpringApplication.refresh(SpringApplication.java:754) [spring-boot-3.3.1.jar:3.3.1]
	at org.springframework.boot.SpringApplication.refreshContext(SpringApplication.java:456) [spring-boot-3.3.1.jar:3.3.1]
	at org.springframework.boot.SpringApplication.run(SpringApplication.java:335) [spring-boot-3.3.1.jar:3.3.1]
	at org.springframework.boot.SpringApplication.run(SpringApplication.java:1363) [spring-boot-3.3.1.jar:3.3.1]
	at org.springframework.boot.SpringApplication.run(SpringApplication.java:1352) [spring-boot-3.3.1.jar:3.3.1]
	at com.example.server.Application.main(Application.java:12) [classes/:?]
	at java.base/jdk.internal.reflect.NativeMethodAccessorImpl.invoke0(Native Method) ~[?:?]
	at java.base/jdk.internal.reflect.NativeMethodAccessorImpl.invoke(NativeMethodAccessorImpl.java:77) ~[?:?]
	at java.base/jdk.internal.reflect.DelegatingMethodAccessorImpl.invoke(DelegatingMethodAccessorImpl.java:43) ~[?:?]
	at java.base/java.lang.reflect.Method.invoke(Method.java:568) ~[?:?]
	at org.springframework.boot.devtools.restart.RestartLauncher.run(RestartLauncher.java:50) [spring-boot-devtools-3.3.1.jar:3.3.1]
Caused by: java.lang.IllegalStateException: Error processing condition on org.springframework.boot.autoconfigure.mail.MailSenderAutoConfiguration
	at org.springframework.boot.autoconfigure.condition.SpringBootCondition.matches(SpringBootCondition.java:60) ~[spring-boot-autoconfigure-3.3.1.jar:3.3.1]
	at org.springframework.context.annotation.ConditionEvaluator.shouldSkip(ConditionEvaluator.java:108) ~[spring-context-6.1.10.jar:6.1.10]
	at org.springframework.context.annotation.ConfigurationClassParser.processConfigurationClass(ConfigurationClassParser.java:220) ~[spring-context-6.1.10.jar:6.1.10]
	at org.springframework.context.annotation.ConfigurationClassParser.processImports(ConfigurationClassParser.java:534) ~[spring-context-6.1.10.jar:6.1.10]
	... 23 more
Caused by: java.lang.IllegalArgumentException: Could not resolve placeholder 'MAIL_HOST' in value "${MAIL_HOST}"
	at org.springframework.util.PropertyPlaceholderHelper.parseStringValue(PropertyPlaceholderHelper.java:180) ~[spring-core-6.1.10.jar:6.1.10]
	at org.springframework.util.PropertyPlaceholderHelper.replacePlaceholders(PropertyPlaceholderHelper.java:126) ~[spring-core-6.1.10.jar:6.1.10]
	at org.springframework.core.env.AbstractPropertyResolver.doResolvePlaceholders(AbstractPropertyResolver.java:239) ~[spring-core-6.1.10.jar:6.1.10]
	at org.springframework.core.env.AbstractPropertyResolver.resolveRequiredPlaceholders(AbstractPropertyResolver.java:210) ~[spring-core-6.1.10.jar:6.1.10]
	at org.springframework.core.env.AbstractPropertyResolver.resolveNestedPlaceholders(AbstractPropertyResolver.java:230) ~[spring-core-6.1.10.jar:6.1.10]
	at org.springframework.boot.context.properties.source.ConfigurationPropertySourcesPropertyResolver.getProperty(ConfigurationPropertySourcesPropertyResolver.java:80) ~[spring-boot-3.3.1.jar:3.3.1]
	at org.springframework.boot.context.properties.source.ConfigurationPropertySourcesPropertyResolver.getProperty(ConfigurationPropertySourcesPropertyResolver.java:61) ~[spring-boot-3.3.1.jar:3.3.1]
	at org.springframework.core.env.AbstractEnvironment.getProperty(AbstractEnvironment.java:552) ~[spring-core-6.1.10.jar:6.1.10]
	at org.springframework.boot.autoconfigure.condition.OnPropertyCondition$Spec.collectProperties(OnPropertyCondition.java:121) ~[spring-boot-autoconfigure-3.3.1.jar:3.3.1]
	at org.springframework.boot.autoconfigure.condition.OnPropertyCondition.determineOutcome(OnPropertyCondition.java:71) ~[spring-boot-autoconfigure-3.3.1.jar:3.3.1]
	at org.springframework.boot.autoconfigure.condition.OnPropertyCondition.getMatchOutcome(OnPropertyCondition.java:58) ~[spring-boot-autoconfigure-3.3.1.jar:3.3.1]
	at org.springframework.boot.autoconfigure.condition.AbstractNestedCondition$MemberOutcomes.getConditionOutcome(AbstractNestedCondition.java:195) ~[spring-boot-autoconfigure-3.3.1.jar:3.3.1]
	at org.springframework.boot.autoconfigure.condition.AbstractNestedCondition$MemberOutcomes.<init>(AbstractNestedCondition.java:189) ~[spring-boot-autoconfigure-3.3.1.jar:3.3.1]
	at org.springframework.boot.autoconfigure.condition.AbstractNestedCondition$MemberConditions.lambda$getMatchOutcomes$0(AbstractNestedCondition.java:169) ~[spring-boot-autoconfigure-3.3.1.jar:3.3.1]
	at java.base/java.util.LinkedHashMap.forEach(LinkedHashMap.java:721) ~[?:?]
	at org.springframework.util.MultiValueMapAdapter.forEach(MultiValueMapAdapter.java:179) ~[spring-core-6.1.10.jar:6.1.10]
	at java.base/java.util.Collections$UnmodifiableMap.forEach(Collections.java:1553) ~[?:?]
	at org.springframework.boot.autoconfigure.condition.AbstractNestedCondition$MemberConditions.getMatchOutcomes(AbstractNestedCondition.java:169) ~[spring-boot-autoconfigure-3.3.1.jar:3.3.1]
	at org.springframework.boot.autoconfigure.condition.AbstractNestedCondition$MemberMatchOutcomes.<init>(AbstractNestedCondition.java:78) ~[spring-boot-autoconfigure-3.3.1.jar:3.3.1]
	at org.springframework.boot.autoconfigure.condition.AbstractNestedCondition.getMatchOutcome(AbstractNestedCondition.java:63) ~[spring-boot-autoconfigure-3.3.1.jar:3.3.1]
	at org.springframework.boot.autoconfigure.condition.SpringBootCondition.matches(SpringBootCondition.java:47) ~[spring-boot-autoconfigure-3.3.1.jar:3.3.1]
	at org.springframework.context.annotation.ConditionEvaluator.shouldSkip(ConditionEvaluator.java:108) ~[spring-context-6.1.10.jar:6.1.10]
	at org.springframework.context.annotation.ConfigurationClassParser.processConfigurationClass(ConfigurationClassParser.java:220) ~[spring-context-6.1.10.jar:6.1.10]
	at org.springframework.context.annotation.ConfigurationClassParser.processImports(ConfigurationClassParser.java:534) ~[spring-context-6.1.10.jar:6.1.10]
	... 23 more

2024-06-29T00:23:37.182+02:00  INFO 17242 --- [server] [restartedMain] c.e.s.Application                        : Starting Application using Java 17.0.11 with PID 17242 (/home/kain/Dev/Projects/eschool/server/target/classes started by kain in /home/kain/Dev/Projects/eschool)
2024-06-29T00:23:37.204+02:00  INFO 17242 --- [server] [restartedMain] c.e.s.Application                        : No active profile set, falling back to 1 default profile: "default"
2024-06-29T00:23:37.350+02:00  INFO 17242 --- [server] [restartedMain] .e.DevToolsPropertyDefaultsPostProcessor : Devtools property defaults active! Set 'spring.devtools.add-properties' to 'false' to disable
2024-06-29T00:23:37.352+02:00  INFO 17242 --- [server] [restartedMain] .e.DevToolsPropertyDefaultsPostProcessor : For additional web related logging consider setting the 'logging.level.web' property to 'DEBUG'
2024-06-29T00:23:38.706+02:00  WARN 17242 --- [server] [restartedMain] ConfigServletWebServerApplicationContext : Exception encountered during context initialization - cancelling refresh attempt: org.springframework.beans.factory.BeanDefinitionStoreException: Failed to process import candidates for configuration class [com.example.server.Application]: Error processing condition on org.springframework.boot.autoconfigure.mail.MailSenderAutoConfiguration
2024-06-29T00:23:38.727+02:00  INFO 17242 --- [server] [restartedMain] .s.b.a.l.ConditionEvaluationReportLogger : 

Error starting ApplicationContext. To display the condition evaluation report re-run your application with 'debug' enabled.
2024-06-29T00:23:38.769+02:00 ERROR 17242 --- [server] [restartedMain] o.s.b.SpringApplication                  : Application run failed

org.springframework.beans.factory.BeanDefinitionStoreException: Failed to process import candidates for configuration class [com.example.server.Application]: Error processing condition on org.springframework.boot.autoconfigure.mail.MailSenderAutoConfiguration
	at org.springframework.context.annotation.ConfigurationClassParser.processImports(ConfigurationClassParser.java:544) ~[spring-context-6.1.10.jar:6.1.10]
	at org.springframework.context.annotation.ConfigurationClassParser$DeferredImportSelectorGroupingHandler.lambda$processGroupImports$1(ConfigurationClassParser.java:746) ~[spring-context-6.1.10.jar:6.1.10]
	at java.base/java.lang.Iterable.forEach(Iterable.java:75) ~[?:?]
	at org.springframework.context.annotation.ConfigurationClassParser$DeferredImportSelectorGroupingHandler.processGroupImports(ConfigurationClassParser.java:743) ~[spring-context-6.1.10.jar:6.1.10]
	at org.springframework.context.annotation.ConfigurationClassParser$DeferredImportSelectorHandler.process(ConfigurationClassParser.java:714) ~[spring-context-6.1.10.jar:6.1.10]
	at org.springframework.context.annotation.ConfigurationClassParser.parse(ConfigurationClassParser.java:183) ~[spring-context-6.1.10.jar:6.1.10]
	at org.springframework.context.annotation.ConfigurationClassPostProcessor.processConfigBeanDefinitions(ConfigurationClassPostProcessor.java:417) ~[spring-context-6.1.10.jar:6.1.10]
	at org.springframework.context.annotation.ConfigurationClassPostProcessor.postProcessBeanDefinitionRegistry(ConfigurationClassPostProcessor.java:290) ~[spring-context-6.1.10.jar:6.1.10]
	at org.springframework.context.support.PostProcessorRegistrationDelegate.invokeBeanDefinitionRegistryPostProcessors(PostProcessorRegistrationDelegate.java:349) ~[spring-context-6.1.10.jar:6.1.10]
	at org.springframework.context.support.PostProcessorRegistrationDelegate.invokeBeanFactoryPostProcessors(PostProcessorRegistrationDelegate.java:118) ~[spring-context-6.1.10.jar:6.1.10]
	at org.springframework.context.support.AbstractApplicationContext.invokeBeanFactoryPostProcessors(AbstractApplicationContext.java:788) ~[spring-context-6.1.10.jar:6.1.10]
	at org.springframework.context.support.AbstractApplicationContext.refresh(AbstractApplicationContext.java:606) ~[spring-context-6.1.10.jar:6.1.10]
	at org.springframework.boot.web.servlet.context.ServletWebServerApplicationContext.refresh(ServletWebServerApplicationContext.java:146) ~[spring-boot-3.3.1.jar:3.3.1]
	at org.springframework.boot.SpringApplication.refresh(SpringApplication.java:754) [spring-boot-3.3.1.jar:3.3.1]
	at org.springframework.boot.SpringApplication.refreshContext(SpringApplication.java:456) [spring-boot-3.3.1.jar:3.3.1]
	at org.springframework.boot.SpringApplication.run(SpringApplication.java:335) [spring-boot-3.3.1.jar:3.3.1]
	at org.springframework.boot.SpringApplication.run(SpringApplication.java:1363) [spring-boot-3.3.1.jar:3.3.1]
	at org.springframework.boot.SpringApplication.run(SpringApplication.java:1352) [spring-boot-3.3.1.jar:3.3.1]
	at com.example.server.Application.main(Application.java:12) [classes/:?]
	at java.base/jdk.internal.reflect.NativeMethodAccessorImpl.invoke0(Native Method) ~[?:?]
	at java.base/jdk.internal.reflect.NativeMethodAccessorImpl.invoke(NativeMethodAccessorImpl.java:77) ~[?:?]
	at java.base/jdk.internal.reflect.DelegatingMethodAccessorImpl.invoke(DelegatingMethodAccessorImpl.java:43) ~[?:?]
	at java.base/java.lang.reflect.Method.invoke(Method.java:568) ~[?:?]
	at org.springframework.boot.devtools.restart.RestartLauncher.run(RestartLauncher.java:50) [spring-boot-devtools-3.3.1.jar:3.3.1]
Caused by: java.lang.IllegalStateException: Error processing condition on org.springframework.boot.autoconfigure.mail.MailSenderAutoConfiguration
	at org.springframework.boot.autoconfigure.condition.SpringBootCondition.matches(SpringBootCondition.java:60) ~[spring-boot-autoconfigure-3.3.1.jar:3.3.1]
	at org.springframework.context.annotation.ConditionEvaluator.shouldSkip(ConditionEvaluator.java:108) ~[spring-context-6.1.10.jar:6.1.10]
	at org.springframework.context.annotation.ConfigurationClassParser.processConfigurationClass(ConfigurationClassParser.java:220) ~[spring-context-6.1.10.jar:6.1.10]
	at org.springframework.context.annotation.ConfigurationClassParser.processImports(ConfigurationClassParser.java:534) ~[spring-context-6.1.10.jar:6.1.10]
	... 23 more
Caused by: java.lang.IllegalArgumentException: Could not resolve placeholder 'MAIL_HOST' in value "${MAIL_HOST}"
	at org.springframework.util.PropertyPlaceholderHelper.parseStringValue(PropertyPlaceholderHelper.java:180) ~[spring-core-6.1.10.jar:6.1.10]
	at org.springframework.util.PropertyPlaceholderHelper.replacePlaceholders(PropertyPlaceholderHelper.java:126) ~[spring-core-6.1.10.jar:6.1.10]
	at org.springframework.core.env.AbstractPropertyResolver.doResolvePlaceholders(AbstractPropertyResolver.java:239) ~[spring-core-6.1.10.jar:6.1.10]
	at org.springframework.core.env.AbstractPropertyResolver.resolveRequiredPlaceholders(AbstractPropertyResolver.java:210) ~[spring-core-6.1.10.jar:6.1.10]
	at org.springframework.core.env.AbstractPropertyResolver.resolveNestedPlaceholders(AbstractPropertyResolver.java:230) ~[spring-core-6.1.10.jar:6.1.10]
	at org.springframework.boot.context.properties.source.ConfigurationPropertySourcesPropertyResolver.getProperty(ConfigurationPropertySourcesPropertyResolver.java:80) ~[spring-boot-3.3.1.jar:3.3.1]
	at org.springframework.boot.context.properties.source.ConfigurationPropertySourcesPropertyResolver.getProperty(ConfigurationPropertySourcesPropertyResolver.java:61) ~[spring-boot-3.3.1.jar:3.3.1]
	at org.springframework.core.env.AbstractEnvironment.getProperty(AbstractEnvironment.java:552) ~[spring-core-6.1.10.jar:6.1.10]
	at org.springframework.boot.autoconfigure.condition.OnPropertyCondition$Spec.collectProperties(OnPropertyCondition.java:121) ~[spring-boot-autoconfigure-3.3.1.jar:3.3.1]
	at org.springframework.boot.autoconfigure.condition.OnPropertyCondition.determineOutcome(OnPropertyCondition.java:71) ~[spring-boot-autoconfigure-3.3.1.jar:3.3.1]
	at org.springframework.boot.autoconfigure.condition.OnPropertyCondition.getMatchOutcome(OnPropertyCondition.java:58) ~[spring-boot-autoconfigure-3.3.1.jar:3.3.1]
	at org.springframework.boot.autoconfigure.condition.AbstractNestedCondition$MemberOutcomes.getConditionOutcome(AbstractNestedCondition.java:195) ~[spring-boot-autoconfigure-3.3.1.jar:3.3.1]
	at org.springframework.boot.autoconfigure.condition.AbstractNestedCondition$MemberOutcomes.<init>(AbstractNestedCondition.java:189) ~[spring-boot-autoconfigure-3.3.1.jar:3.3.1]
	at org.springframework.boot.autoconfigure.condition.AbstractNestedCondition$MemberConditions.lambda$getMatchOutcomes$0(AbstractNestedCondition.java:169) ~[spring-boot-autoconfigure-3.3.1.jar:3.3.1]
	at java.base/java.util.LinkedHashMap.forEach(LinkedHashMap.java:721) ~[?:?]
	at org.springframework.util.MultiValueMapAdapter.forEach(MultiValueMapAdapter.java:179) ~[spring-core-6.1.10.jar:6.1.10]
	at java.base/java.util.Collections$UnmodifiableMap.forEach(Collections.java:1553) ~[?:?]
	at org.springframework.boot.autoconfigure.condition.AbstractNestedCondition$MemberConditions.getMatchOutcomes(AbstractNestedCondition.java:169) ~[spring-boot-autoconfigure-3.3.1.jar:3.3.1]
	at org.springframework.boot.autoconfigure.condition.AbstractNestedCondition$MemberMatchOutcomes.<init>(AbstractNestedCondition.java:78) ~[spring-boot-autoconfigure-3.3.1.jar:3.3.1]
	at org.springframework.boot.autoconfigure.condition.AbstractNestedCondition.getMatchOutcome(AbstractNestedCondition.java:63) ~[spring-boot-autoconfigure-3.3.1.jar:3.3.1]
	at org.springframework.boot.autoconfigure.condition.SpringBootCondition.matches(SpringBootCondition.java:47) ~[spring-boot-autoconfigure-3.3.1.jar:3.3.1]
	at org.springframework.context.annotation.ConditionEvaluator.shouldSkip(ConditionEvaluator.java:108) ~[spring-context-6.1.10.jar:6.1.10]
	at org.springframework.context.annotation.ConfigurationClassParser.processConfigurationClass(ConfigurationClassParser.java:220) ~[spring-context-6.1.10.jar:6.1.10]
	at org.springframework.context.annotation.ConfigurationClassParser.processImports(ConfigurationClassParser.java:534) ~[spring-context-6.1.10.jar:6.1.10]
	... 23 more

